<?xml version="1.0" encoding="UTF-8"?>
<testng-results ignored="0" total="1" passed="1" failed="0" skipped="0">
  <reporter-output>
  </reporter-output>
  <suite started-at="2020-10-03T07:12:34 EDT" name="Suite" finished-at="2020-10-03T07:12:34 EDT" duration-ms="56">
    <groups>
    </groups>
    <test started-at="2020-10-03T07:12:34 EDT" name="Test" finished-at="2020-10-03T07:12:34 EDT" duration-ms="56">
      <class name="MavenDemo.MavenDemoo">
        <test-method signature="display()[pri:0, instance:MavenDemo.MavenDemoo@1f59a598]" started-at="2020-10-03T07:12:34 EDT" name="display" finished-at="2020-10-03T07:12:34 EDT" duration-ms="11" status="PASS">
          <reporter-output>
          </reporter-output>
        </test-method> <!-- display -->
      </class> <!-- MavenDemo.MavenDemoo -->
    </test> <!-- Test -->
  </suite> <!-- Suite -->
</testng-results>
